:tasks

------------------------------------------------------------
All tasks runnable from root project
------------------------------------------------------------

Android tasks
-------------
androidDependencies - Displays the Android dependencies of the project.
signingReport - Displays the signing info for each variant.

Build tasks
-----------
assemble - Assembles all variants of all applications and secondary packages.
assembleAndroidTest - Assembles all the Test applications.
assembleDebug - Assembles all Debug builds.
assembleDebugAndroidTest - Assembles the android (on device) tests for the Debug build.
assembleRelease - Assembles all Release builds.
build - Assembles and tests this project.
buildDependents - Assembles and tests this project and all projects that depend on it.
buildNeeded - Assembles and tests this project and all projects it depends on.
clean - Deletes the build directory.
compileDebugAndroidTestSources
compileDebugSources
compileDebugUnitTestSources
compileReleaseSources
compileReleaseUnitTestSources
mockableAndroidJar - Creates a version of android.jar that's suitable for unit tests.

Build Setup tasks
-----------------
init - Initializes a new Gradle build. [incubating]
wrapper - Generates Gradle wrapper files. [incubating]

Help tasks
----------
components - Displays the components produced by root project 'WordCard'. [incubating]
dependencies - Displays all dependencies declared in root project 'WordCard'.
dependencyInsight - Displays the insight into a specific dependency in root project 'WordCard'.
help - Displays a help message.
projects - Displays the sub-projects of root project 'WordCard'.
properties - Displays the properties of root project 'WordCard'.
tasks - Displays the tasks runnable from root project 'WordCard' (some of the displayed tasks may belong to subprojects).

Install tasks
-------------
installDebug - Installs the Debug build.
installDebugAndroidTest - Installs the android (on device) tests for the Debug build.
uninstallAll - Uninstall all applications.
uninstallDebug - Uninstalls the Debug build.
uninstallDebugAndroidTest - Uninstalls the android (on device) tests for the Debug build.
uninstallRelease - Uninstalls the Release build.

Verification tasks
------------------
check - Runs all checks.
connectedAndroidTest - Installs and runs instrumentation tests for all flavors on connected devices.
connectedAndroidTestDebug - Installs and runs the tests for Debug build on connected devices.
connectedCheck - Runs all device checks on currently connected devices.
deviceAndroidTest - Installs and runs instrumentation tests using all Device Providers.
deviceCheck - Runs all device checks using Device Providers and Test Servers.
lint - Runs lint on all variants.
lintDebug - Runs lint on the Debug build.
lintRelease - Runs lint on the Release build.
test - Run unit tests for all variants.
testDebug - Run unit tests for the debug build.
testRelease - Run unit tests for the release build.

Other tasks
-----------
jarDebugClasses
jarReleaseClasses

To see all tasks and more detail, run with --all.

BUILD SUCCESSFUL

Total time: 7.752 secs
